<?xml version="1.0" encoding="UTF-8"?>
<testng-results ignored="0" total="1" passed="1" failed="0" skipped="0">
  <reporter-output>
  </reporter-output>
  <suite started-at="2024-02-14T12:52:53 IST" name="Default suite" finished-at="2024-02-14T12:52:54 IST" duration-ms="624">
    <groups>
    </groups>
    <test started-at="2024-02-14T12:52:53 IST" name="Default test" finished-at="2024-02-14T12:52:54 IST" duration-ms="624">
      <class name="SeleniumPratices.Topice.DataBaseconnection">
        <test-method signature="databaseconnection()[pri:0, instance:SeleniumPratices.Topice.DataBaseconnection@4d5b6aac]" started-at="2024-02-14T12:52:53 IST" name="databaseconnection" finished-at="2024-02-14T12:52:54 IST" duration-ms="576" status="PASS">
          <reporter-output>
          </reporter-output>
        </test-method> <!-- databaseconnection -->
      </class> <!-- SeleniumPratices.Topice.DataBaseconnection -->
    </test> <!-- Default test -->
  </suite> <!-- Default suite -->
</testng-results>
